[0.068s] DEBUG:colcon:Command line arguments: ['/usr/bin/colcon', 'build']
[0.068s] DEBUG:colcon:Parsed command line arguments: Namespace(log_base=None, log_level=None, verb_name='build', build_base='build', install_base='install', merge_install=False, symlink_install=False, test_result_base=None, continue_on_error=False, executor='parallel', parallel_workers=12, event_handlers=None, ignore_user_meta=False, metas=['./colcon.meta'], base_paths=['.'], packages_ignore=None, packages_ignore_regex=None, paths=None, packages_up_to=None, packages_up_to_regex=None, packages_above=None, packages_above_and_dependencies=None, packages_above_depth=None, packages_select_by_dep=None, packages_skip_by_dep=None, packages_skip_up_to=None, packages_select_build_failed=False, packages_skip_build_finished=False, packages_select_test_failures=False, packages_skip_test_passed=False, packages_select=None, packages_skip=None, packages_select_regex=None, packages_skip_regex=None, packages_start=None, packages_end=None, allow_overriding=[], cmake_args=None, cmake_target=None, cmake_target_skip_unavailable=False, cmake_clean_cache=False, cmake_clean_first=False, cmake_force_configure=False, ament_cmake_args=None, catkin_cmake_args=None, catkin_skip_building_tests=False, mixin_files=None, mixin=None, verb_parser=<colcon_mixin.mixin.mixin_argument.MixinArgumentDecorator object at 0x7356e866e7a0>, verb_extension=<colcon_core.verb.build.BuildVerb object at 0x7356e866dd80>, main=<bound method BuildVerb.main of <colcon_core.verb.build.BuildVerb object at 0x7356e866dd80>>, mixin_verb=('build',))
[0.172s] Level 1:colcon.colcon_core.package_discovery:discover_packages(colcon_meta) check parameters
[0.172s] Level 1:colcon.colcon_core.package_discovery:discover_packages(recursive) check parameters
[0.172s] Level 1:colcon.colcon_core.package_discovery:discover_packages(ignore) check parameters
[0.172s] Level 1:colcon.colcon_core.package_discovery:discover_packages(path) check parameters
[0.172s] Level 1:colcon.colcon_core.package_discovery:discover_packages(colcon_meta) discover
[0.172s] Level 1:colcon.colcon_core.package_discovery:discover_packages(recursive) discover
[0.172s] INFO:colcon.colcon_core.package_discovery:Crawling recursively for packages in '/home/mahek/path'
[0.172s] Level 1:colcon.colcon_core.package_identification:_identify(.) by extensions ['ignore', 'ignore_ament_install']
[0.172s] Level 1:colcon.colcon_core.package_identification:_identify(.) by extension 'ignore'
[0.172s] Level 1:colcon.colcon_core.package_identification:_identify(.) by extension 'ignore_ament_install'
[0.172s] Level 1:colcon.colcon_core.package_identification:_identify(.) by extensions ['colcon_pkg']
[0.172s] Level 1:colcon.colcon_core.package_identification:_identify(.) by extension 'colcon_pkg'
[0.172s] Level 1:colcon.colcon_core.package_identification:_identify(.) by extensions ['colcon_meta']
[0.172s] Level 1:colcon.colcon_core.package_identification:_identify(.) by extension 'colcon_meta'
[0.172s] Level 1:colcon.colcon_core.package_identification:_identify(.) by extensions ['ros']
[0.172s] Level 1:colcon.colcon_core.package_identification:_identify(.) by extension 'ros'
[0.179s] Level 1:colcon.colcon_core.package_identification:_identify(.) by extensions ['cmake', 'python']
[0.179s] Level 1:colcon.colcon_core.package_identification:_identify(.) by extension 'cmake'
[0.179s] Level 1:colcon.colcon_core.package_identification:_identify(.) by extension 'python'
[0.179s] Level 1:colcon.colcon_core.package_identification:_identify(.) by extensions ['python_setup_py']
[0.179s] Level 1:colcon.colcon_core.package_identification:_identify(.) by extension 'python_setup_py'
[0.179s] Level 1:colcon.colcon_core.package_identification:_identify(build) by extensions ['ignore', 'ignore_ament_install']
[0.180s] Level 1:colcon.colcon_core.package_identification:_identify(build) by extension 'ignore'
[0.180s] Level 1:colcon.colcon_core.package_identification:_identify(build) ignored
[0.180s] Level 1:colcon.colcon_core.package_identification:_identify(install) by extensions ['ignore', 'ignore_ament_install']
[0.180s] Level 1:colcon.colcon_core.package_identification:_identify(install) by extension 'ignore'
[0.180s] Level 1:colcon.colcon_core.package_identification:_identify(install) ignored
[0.180s] Level 1:colcon.colcon_core.package_identification:_identify(log) by extensions ['ignore', 'ignore_ament_install']
[0.180s] Level 1:colcon.colcon_core.package_identification:_identify(log) by extension 'ignore'
[0.180s] Level 1:colcon.colcon_core.package_identification:_identify(log) ignored
[0.180s] Level 1:colcon.colcon_core.package_identification:_identify(src) by extensions ['ignore', 'ignore_ament_install']
[0.180s] Level 1:colcon.colcon_core.package_identification:_identify(src) by extension 'ignore'
[0.180s] Level 1:colcon.colcon_core.package_identification:_identify(src) by extension 'ignore_ament_install'
[0.180s] Level 1:colcon.colcon_core.package_identification:_identify(src) by extensions ['colcon_pkg']
[0.180s] Level 1:colcon.colcon_core.package_identification:_identify(src) by extension 'colcon_pkg'
[0.180s] Level 1:colcon.colcon_core.package_identification:_identify(src) by extensions ['colcon_meta']
[0.180s] Level 1:colcon.colcon_core.package_identification:_identify(src) by extension 'colcon_meta'
[0.180s] Level 1:colcon.colcon_core.package_identification:_identify(src) by extensions ['ros']
[0.180s] Level 1:colcon.colcon_core.package_identification:_identify(src) by extension 'ros'
[0.180s] Level 1:colcon.colcon_core.package_identification:_identify(src) by extensions ['cmake', 'python']
[0.180s] Level 1:colcon.colcon_core.package_identification:_identify(src) by extension 'cmake'
[0.180s] Level 1:colcon.colcon_core.package_identification:_identify(src) by extension 'python'
[0.180s] Level 1:colcon.colcon_core.package_identification:_identify(src) by extensions ['python_setup_py']
[0.180s] Level 1:colcon.colcon_core.package_identification:_identify(src) by extension 'python_setup_py'
[0.180s] Level 1:colcon.colcon_core.package_identification:_identify(src/path) by extensions ['ignore', 'ignore_ament_install']
[0.180s] Level 1:colcon.colcon_core.package_identification:_identify(src/path) by extension 'ignore'
[0.180s] Level 1:colcon.colcon_core.package_identification:_identify(src/path) by extension 'ignore_ament_install'
[0.180s] Level 1:colcon.colcon_core.package_identification:_identify(src/path) by extensions ['colcon_pkg']
[0.180s] Level 1:colcon.colcon_core.package_identification:_identify(src/path) by extension 'colcon_pkg'
[0.180s] Level 1:colcon.colcon_core.package_identification:_identify(src/path) by extensions ['colcon_meta']
[0.180s] Level 1:colcon.colcon_core.package_identification:_identify(src/path) by extension 'colcon_meta'
[0.180s] Level 1:colcon.colcon_core.package_identification:_identify(src/path) by extensions ['ros']
[0.180s] Level 1:colcon.colcon_core.package_identification:_identify(src/path) by extension 'ros'
[0.182s] DEBUG:colcon.colcon_core.package_identification:Package 'src/path' with type 'ros.ament_cmake' and name 'path'
[0.182s] Level 1:colcon.colcon_core.package_discovery:discover_packages(recursive) using defaults
[0.182s] Level 1:colcon.colcon_core.package_discovery:discover_packages(ignore) discover
[0.182s] Level 1:colcon.colcon_core.package_discovery:discover_packages(ignore) using defaults
[0.182s] Level 1:colcon.colcon_core.package_discovery:discover_packages(path) discover
[0.182s] Level 1:colcon.colcon_core.package_discovery:discover_packages(path) using defaults
[0.202s] Level 1:colcon.colcon_core.package_discovery:discover_packages(prefix_path) check parameters
[0.202s] Level 1:colcon.colcon_core.package_discovery:discover_packages(prefix_path) discover
[0.203s] DEBUG:colcon.colcon_installed_package_information.package_discovery:Found 1 installed packages in /home/mahek/path/install
[0.204s] DEBUG:colcon.colcon_installed_package_information.package_discovery:Found 6 installed packages in /home/mahek/ros2_ws/install
[0.205s] DEBUG:colcon.colcon_installed_package_information.package_discovery:Found 350 installed packages in /opt/ros/humble
[0.206s] Level 1:colcon.colcon_core.package_discovery:discover_packages(prefix_path) using defaults
[0.232s] Level 5:colcon.colcon_core.verb:set package 'path' build argument 'cmake_args' from command line to 'None'
[0.232s] Level 5:colcon.colcon_core.verb:set package 'path' build argument 'cmake_target' from command line to 'None'
[0.232s] Level 5:colcon.colcon_core.verb:set package 'path' build argument 'cmake_target_skip_unavailable' from command line to 'False'
[0.232s] Level 5:colcon.colcon_core.verb:set package 'path' build argument 'cmake_clean_cache' from command line to 'False'
[0.232s] Level 5:colcon.colcon_core.verb:set package 'path' build argument 'cmake_clean_first' from command line to 'False'
[0.232s] Level 5:colcon.colcon_core.verb:set package 'path' build argument 'cmake_force_configure' from command line to 'False'
[0.232s] Level 5:colcon.colcon_core.verb:set package 'path' build argument 'ament_cmake_args' from command line to 'None'
[0.232s] Level 5:colcon.colcon_core.verb:set package 'path' build argument 'catkin_cmake_args' from command line to 'None'
[0.232s] Level 5:colcon.colcon_core.verb:set package 'path' build argument 'catkin_skip_building_tests' from command line to 'False'
[0.232s] DEBUG:colcon.colcon_core.verb:Building package 'path' with the following arguments: {'ament_cmake_args': None, 'build_base': '/home/mahek/path/build/path', 'catkin_cmake_args': None, 'catkin_skip_building_tests': False, 'cmake_args': None, 'cmake_clean_cache': False, 'cmake_clean_first': False, 'cmake_force_configure': False, 'cmake_target': None, 'cmake_target_skip_unavailable': False, 'install_base': '/home/mahek/path/install/path', 'merge_install': False, 'path': '/home/mahek/path/src/path', 'symlink_install': False, 'test_result_base': None}
[0.232s] INFO:colcon.colcon_core.executor:Executing jobs using 'parallel' executor
[0.233s] DEBUG:colcon.colcon_parallel_executor.executor.parallel:run_until_complete
[0.233s] INFO:colcon.colcon_ros.task.ament_cmake.build:Building ROS package in '/home/mahek/path/src/path' with build type 'ament_cmake'
[0.233s] INFO:colcon.colcon_cmake.task.cmake.build:Building CMake package in '/home/mahek/path/src/path'
[0.235s] INFO:colcon.colcon_core.plugin_system:Skipping extension 'colcon_core.shell.bat': Not used on non-Windows systems
[0.235s] INFO:colcon.colcon_core.shell:Skip shell extension 'powershell' for command environment: Not usable outside of PowerShell
[0.235s] DEBUG:colcon.colcon_core.shell:Skip shell extension 'dsv' for command environment
[0.242s] DEBUG:colcon.colcon_core.event_handler.log_command:Invoking command in '/home/mahek/path/build/path': CMAKE_PREFIX_PATH=${CMAKE_PREFIX_PATH}:/home/mahek/ros2_ws/install/my_robot_controller:/opt/ros/humble /usr/bin/cmake --build /home/mahek/path/build/path -- -j12 -l12
[9.237s] DEBUG:colcon.colcon_core.event_handler.log_command:Invoked command in '/home/mahek/path/build/path' returned '0': CMAKE_PREFIX_PATH=${CMAKE_PREFIX_PATH}:/home/mahek/ros2_ws/install/my_robot_controller:/opt/ros/humble /usr/bin/cmake --build /home/mahek/path/build/path -- -j12 -l12
[9.244s] DEBUG:colcon.colcon_core.event_handler.log_command:Invoking command in '/home/mahek/path/build/path': CMAKE_PREFIX_PATH=${CMAKE_PREFIX_PATH}:/home/mahek/ros2_ws/install/my_robot_controller:/opt/ros/humble /usr/bin/cmake --install /home/mahek/path/build/path
[9.262s] Level 1:colcon.colcon_core.environment:create_environment_scripts_only(path)
[9.263s] DEBUG:colcon.colcon_core.event_handler.log_command:Invoked command in '/home/mahek/path/build/path' returned '0': CMAKE_PREFIX_PATH=${CMAKE_PREFIX_PATH}:/home/mahek/ros2_ws/install/my_robot_controller:/opt/ros/humble /usr/bin/cmake --install /home/mahek/path/build/path
[9.265s] Level 1:colcon.colcon_core.environment:checking '/home/mahek/path/install/path' for CMake module files
[9.265s] Level 1:colcon.colcon_core.environment:checking '/home/mahek/path/install/path' for CMake config files
[9.265s] Level 1:colcon.colcon_core.shell:create_environment_hook('path', 'cmake_prefix_path')
[9.266s] INFO:colcon.colcon_core.shell:Creating environment hook '/home/mahek/path/install/path/share/path/hook/cmake_prefix_path.ps1'
[9.266s] INFO:colcon.colcon_core.shell:Creating environment descriptor '/home/mahek/path/install/path/share/path/hook/cmake_prefix_path.dsv'
[9.267s] INFO:colcon.colcon_core.shell:Creating environment hook '/home/mahek/path/install/path/share/path/hook/cmake_prefix_path.sh'
[9.268s] Level 1:colcon.colcon_core.environment:checking '/home/mahek/path/install/path/lib'
[9.268s] Level 1:colcon.colcon_core.environment:checking '/home/mahek/path/install/path/bin'
[9.268s] Level 1:colcon.colcon_core.environment:checking '/home/mahek/path/install/path/lib/pkgconfig/path.pc'
[9.268s] Level 1:colcon.colcon_core.environment:checking '/home/mahek/path/install/path/lib/python3.10/site-packages'
[9.269s] Level 1:colcon.colcon_core.environment:checking '/home/mahek/path/install/path/bin'
[9.269s] INFO:colcon.colcon_core.shell:Creating package script '/home/mahek/path/install/path/share/path/package.ps1'
[9.270s] INFO:colcon.colcon_core.shell:Creating package descriptor '/home/mahek/path/install/path/share/path/package.dsv'
[9.270s] INFO:colcon.colcon_core.shell:Creating package script '/home/mahek/path/install/path/share/path/package.sh'
[9.271s] INFO:colcon.colcon_core.shell:Creating package script '/home/mahek/path/install/path/share/path/package.bash'
[9.271s] INFO:colcon.colcon_core.shell:Creating package script '/home/mahek/path/install/path/share/path/package.zsh'
[9.272s] Level 1:colcon.colcon_core.environment:create_file_with_runtime_dependencies(/home/mahek/path/install/path/share/colcon-core/packages/path)
[9.272s] Level 1:colcon.colcon_core.environment:create_environment_scripts_only(path)
[9.273s] Level 1:colcon.colcon_core.environment:checking '/home/mahek/path/install/path' for CMake module files
[9.273s] Level 1:colcon.colcon_core.environment:checking '/home/mahek/path/install/path' for CMake config files
[9.273s] Level 1:colcon.colcon_core.shell:create_environment_hook('path', 'cmake_prefix_path')
[9.273s] INFO:colcon.colcon_core.shell:Creating environment hook '/home/mahek/path/install/path/share/path/hook/cmake_prefix_path.ps1'
[9.273s] INFO:colcon.colcon_core.shell:Creating environment descriptor '/home/mahek/path/install/path/share/path/hook/cmake_prefix_path.dsv'
[9.274s] INFO:colcon.colcon_core.shell:Creating environment hook '/home/mahek/path/install/path/share/path/hook/cmake_prefix_path.sh'
[9.274s] Level 1:colcon.colcon_core.environment:checking '/home/mahek/path/install/path/lib'
[9.274s] Level 1:colcon.colcon_core.environment:checking '/home/mahek/path/install/path/bin'
[9.274s] Level 1:colcon.colcon_core.environment:checking '/home/mahek/path/install/path/lib/pkgconfig/path.pc'
[9.274s] Level 1:colcon.colcon_core.environment:checking '/home/mahek/path/install/path/lib/python3.10/site-packages'
[9.274s] Level 1:colcon.colcon_core.environment:checking '/home/mahek/path/install/path/bin'
[9.274s] INFO:colcon.colcon_core.shell:Creating package script '/home/mahek/path/install/path/share/path/package.ps1'
[9.275s] INFO:colcon.colcon_core.shell:Creating package descriptor '/home/mahek/path/install/path/share/path/package.dsv'
[9.275s] INFO:colcon.colcon_core.shell:Creating package script '/home/mahek/path/install/path/share/path/package.sh'
[9.275s] INFO:colcon.colcon_core.shell:Creating package script '/home/mahek/path/install/path/share/path/package.bash'
[9.275s] INFO:colcon.colcon_core.shell:Creating package script '/home/mahek/path/install/path/share/path/package.zsh'
[9.276s] Level 1:colcon.colcon_core.environment:create_file_with_runtime_dependencies(/home/mahek/path/install/path/share/colcon-core/packages/path)
[9.276s] DEBUG:colcon.colcon_parallel_executor.executor.parallel:closing loop
[9.276s] DEBUG:colcon.colcon_parallel_executor.executor.parallel:loop closed
[9.276s] DEBUG:colcon.colcon_parallel_executor.executor.parallel:run_until_complete finished with '0'
[9.276s] DEBUG:colcon.colcon_core.event_reactor:joining thread
[9.280s] INFO:colcon.colcon_core.plugin_system:Skipping extension 'colcon_notification.desktop_notification.terminal_notifier': Not used on non-Darwin systems
[9.280s] INFO:colcon.colcon_core.plugin_system:Skipping extension 'colcon_notification.desktop_notification.win32': Not used on non-Windows systems
[9.280s] INFO:colcon.colcon_notification.desktop_notification:Sending desktop notification using 'notify2'
[9.290s] DEBUG:colcon.colcon_core.event_reactor:joined thread
[9.291s] INFO:colcon.colcon_core.shell:Creating prefix script '/home/mahek/path/install/local_setup.ps1'
[9.292s] INFO:colcon.colcon_core.shell:Creating prefix util module '/home/mahek/path/install/_local_setup_util_ps1.py'
[9.293s] INFO:colcon.colcon_core.shell:Creating prefix chain script '/home/mahek/path/install/setup.ps1'
[9.294s] INFO:colcon.colcon_core.shell:Creating prefix script '/home/mahek/path/install/local_setup.sh'
[9.294s] INFO:colcon.colcon_core.shell:Creating prefix util module '/home/mahek/path/install/_local_setup_util_sh.py'
[9.295s] INFO:colcon.colcon_core.shell:Creating prefix chain script '/home/mahek/path/install/setup.sh'
[9.295s] INFO:colcon.colcon_core.shell:Creating prefix script '/home/mahek/path/install/local_setup.bash'
[9.296s] INFO:colcon.colcon_core.shell:Creating prefix chain script '/home/mahek/path/install/setup.bash'
[9.296s] INFO:colcon.colcon_core.shell:Creating prefix script '/home/mahek/path/install/local_setup.zsh'
[9.297s] INFO:colcon.colcon_core.shell:Creating prefix chain script '/home/mahek/path/install/setup.zsh'
