[0.008s] Invoking command in '/home/mahek/path/build/path': CMAKE_PREFIX_PATH=${CMAKE_PREFIX_PATH}:/home/mahek/ros2_ws/install/my_robot_controller:/opt/ros/humble /usr/bin/cmake --build /home/mahek/path/build/path -- -j12 -l12
[0.073s] -- Found ament_cmake: 1.3.10 (/opt/ros/humble/share/ament_cmake/cmake)
[0.208s] -- Found rclcpp: 16.0.11 (/opt/ros/humble/share/rclcpp/cmake)
[0.241s] -- Found rosidl_generator_c: 3.1.5 (/opt/ros/humble/share/rosidl_generator_c/cmake)
[0.243s] -- Found rosidl_adapter: 3.1.5 (/opt/ros/humble/share/rosidl_adapter/cmake)
[0.249s] -- Found rosidl_generator_cpp: 3.1.5 (/opt/ros/humble/share/rosidl_generator_cpp/cmake)
[0.256s] -- Using all available rosidl_typesupport_c: rosidl_typesupport_fastrtps_c;rosidl_typesupport_introspection_c
[0.267s] -- Using all available rosidl_typesupport_cpp: rosidl_typesupport_fastrtps_cpp;rosidl_typesupport_introspection_cpp
[0.300s] -- Found rmw_implementation_cmake: 6.1.2 (/opt/ros/humble/share/rmw_implementation_cmake/cmake)
[0.302s] -- Found rmw_fastrtps_cpp: 6.2.7 (/opt/ros/humble/share/rmw_fastrtps_cpp/cmake)
[0.389s] -- Using RMW implementation 'rmw_fastrtps_cpp' as default
[0.430s] -- Found nav_msgs: 4.2.4 (/opt/ros/humble/share/nav_msgs/cmake)
[0.453s] -- Found visualization_msgs: 4.2.4 (/opt/ros/humble/share/visualization_msgs/cmake)
[0.482s] -- Found ament_lint_auto: 0.12.11 (/opt/ros/humble/share/ament_lint_auto/cmake)
[0.533s] -- Added test 'cppcheck' to perform static code analysis on C / C++ code
[0.533s] -- Configured cppcheck include dirs: 
[0.533s] -- Configured cppcheck exclude dirs and/or files: 
[0.533s] -- Added test 'flake8' to check Python code syntax and style conventions
[0.534s] -- Added test 'lint_cmake' to check CMake code style
[0.534s] -- Added test 'pep257' to check Python code against some of the docstring style conventions in PEP 257
[0.536s] -- Added test 'uncrustify' to check C / C++ code style
[0.536s] -- Configured uncrustify additional arguments: 
[0.536s] -- Added test 'xmllint' to check XML markup files
[0.537s] -- Configuring done
[0.545s] -- Generating done
[0.547s] -- Build files have been written to: /home/mahek/path/build/path
[0.569s] [35m[1mConsolidate compiler generated dependencies of target a_star_planner[0m
[0.584s] [ 50%] [32mBuilding CXX object CMakeFiles/a_star_planner.dir/src/a_star_planner.cpp.o[0m
[2.124s] [01m[K/home/mahek/path/src/path/src/a_star_planner.cpp:[m[K In member function ‘[01m[Kvoid Astarplanner::processPoint(geometry_msgs::msg::PointStamped_<std::allocator<void> >::SharedPtr, bool)[m[K’:
[2.124s] [01m[K/home/mahek/path/src/path/src/a_star_planner.cpp:119:34:[m[K [01;35m[Kwarning: [m[Kcomparison of integer expressions of different signedness: ‘[01m[Kint[m[K’ and ‘[01m[Knav_msgs::msg::MapMetaData_<std::allocator<void> >::_width_type[m[K’ {aka ‘[01m[Kunsigned int[m[K’} [[01;35m[K]8;;https://gcc.gnu.org/onlinedocs/gcc/Warning-Options.html#index-Wsign-compare-Wsign-compare]8;;[m[K]
[2.124s]   119 |         if (grid_x < 0 || [01;35m[Kgrid_x >= map_->info.width[m[K || grid_y < 0 || grid_y >= map_->info.height) {
[2.124s]       |                           [01;35m[K~~~~~~~^~~~~~~~~~~~~~~~~~~[m[K
[2.124s] [01m[K/home/mahek/path/src/path/src/a_star_planner.cpp:119:78:[m[K [01;35m[Kwarning: [m[Kcomparison of integer expressions of different signedness: ‘[01m[Kint[m[K’ and ‘[01m[Knav_msgs::msg::MapMetaData_<std::allocator<void> >::_height_type[m[K’ {aka ‘[01m[Kunsigned int[m[K’} [[01;35m[K]8;;https://gcc.gnu.org/onlinedocs/gcc/Warning-Options.html#index-Wsign-compare-Wsign-compare]8;;[m[K]
[2.124s]   119 | x < 0 || grid_x >= map_->info.width || grid_y < 0 || [01;35m[Kgrid_y >= map_->info.height[m[K) {
[2.124s]       |                                                      [01;35m[K~~~~~~~^~~~~~~~~~~~~~~~~~~~[m[K
[2.124s] 
[8.498s] [100%] [32m[1mLinking CXX executable a_star_planner[0m
[8.992s] [100%] Built target a_star_planner
[9.003s] Invoked command in '/home/mahek/path/build/path' returned '0': CMAKE_PREFIX_PATH=${CMAKE_PREFIX_PATH}:/home/mahek/ros2_ws/install/my_robot_controller:/opt/ros/humble /usr/bin/cmake --build /home/mahek/path/build/path -- -j12 -l12
[9.010s] Invoking command in '/home/mahek/path/build/path': CMAKE_PREFIX_PATH=${CMAKE_PREFIX_PATH}:/home/mahek/ros2_ws/install/my_robot_controller:/opt/ros/humble /usr/bin/cmake --install /home/mahek/path/build/path
[9.019s] -- Install configuration: ""
[9.019s] -- Installing: /home/mahek/path/install/path/lib/path/a_star_planner
[9.025s] -- Set runtime path of "/home/mahek/path/install/path/lib/path/a_star_planner" to ""
[9.025s] -- Up-to-date: /home/mahek/path/install/path/share/path/maps
[9.025s] -- Up-to-date: /home/mahek/path/install/path/share/path/maps/map_test.pgm
[9.025s] -- Up-to-date: /home/mahek/path/install/path/share/path/maps/map_basic.png
[9.025s] -- Up-to-date: /home/mahek/path/install/path/share/path/maps/map_param.yaml
[9.025s] -- Up-to-date: /home/mahek/path/install/path/share/path/maps/map_test.png
[9.025s] -- Up-to-date: /home/mahek/path/install/path/share/path/maps/map.yaml
[9.026s] -- Up-to-date: /home/mahek/path/install/path/share/path/maps/map_maze.png
[9.026s] -- Up-to-date: /home/mahek/path/install/path/share/path/launch
[9.026s] -- Up-to-date: /home/mahek/path/install/path/share/path/launch/map_launch.py
[9.026s] -- Installing: /home/mahek/path/install/path/share/ament_index/resource_index/package_run_dependencies/path
[9.026s] -- Installing: /home/mahek/path/install/path/share/ament_index/resource_index/parent_prefix_path/path
[9.026s] -- Up-to-date: /home/mahek/path/install/path/share/path/environment/ament_prefix_path.sh
[9.026s] -- Installing: /home/mahek/path/install/path/share/path/environment/ament_prefix_path.dsv
[9.026s] -- Up-to-date: /home/mahek/path/install/path/share/path/environment/path.sh
[9.026s] -- Installing: /home/mahek/path/install/path/share/path/environment/path.dsv
[9.026s] -- Up-to-date: /home/mahek/path/install/path/share/path/local_setup.bash
[9.026s] -- Up-to-date: /home/mahek/path/install/path/share/path/local_setup.sh
[9.027s] -- Up-to-date: /home/mahek/path/install/path/share/path/local_setup.zsh
[9.027s] -- Installing: /home/mahek/path/install/path/share/path/local_setup.dsv
[9.027s] -- Installing: /home/mahek/path/install/path/share/path/package.dsv
[9.027s] -- Up-to-date: /home/mahek/path/install/path/share/ament_index/resource_index/packages/path
[9.027s] -- Up-to-date: /home/mahek/path/install/path/share/path/cmake/pathConfig.cmake
[9.027s] -- Up-to-date: /home/mahek/path/install/path/share/path/cmake/pathConfig-version.cmake
[9.027s] -- Installing: /home/mahek/path/install/path/share/path/package.xml
[9.029s] Invoked command in '/home/mahek/path/build/path' returned '0': CMAKE_PREFIX_PATH=${CMAKE_PREFIX_PATH}:/home/mahek/ros2_ws/install/my_robot_controller:/opt/ros/humble /usr/bin/cmake --install /home/mahek/path/build/path
