[0.011s] Invoking command in '/home/mahek/path/build/path': CMAKE_PREFIX_PATH=${CMAKE_PREFIX_PATH}:/home/mahek/ros2_ws/install/my_robot_controller:/opt/ros/humble /usr/bin/cmake --build /home/mahek/path/build/path -- -j12 -l12
[0.064s] Invoked command in '/home/mahek/path/build/path' returned '0': CMAKE_PREFIX_PATH=${CMAKE_PREFIX_PATH}:/home/mahek/ros2_ws/install/my_robot_controller:/opt/ros/humble /usr/bin/cmake --build /home/mahek/path/build/path -- -j12 -l12
[0.078s] Invoking command in '/home/mahek/path/build/path': CMAKE_PREFIX_PATH=${CMAKE_PREFIX_PATH}:/home/mahek/ros2_ws/install/my_robot_controller:/opt/ros/humble /usr/bin/cmake --install /home/mahek/path/build/path
[0.089s] -- Install configuration: ""
[0.089s] -- Up-to-date: /home/mahek/path/install/path/share/path/maps
[0.089s] -- Up-to-date: /home/mahek/path/install/path/share/path/maps/map_test.pgm
[0.090s] -- Up-to-date: /home/mahek/path/install/path/share/path/maps/map_basic.png
[0.090s] -- Up-to-date: /home/mahek/path/install/path/share/path/maps/map_param.yaml
[0.090s] -- Up-to-date: /home/mahek/path/install/path/share/path/maps/map_test.png
[0.090s] -- Installing: /home/mahek/path/install/path/share/path/maps/map.yaml
[0.090s] -- Up-to-date: /home/mahek/path/install/path/share/path/maps/map_maze.png
[0.090s] -- Up-to-date: /home/mahek/path/install/path/share/path/launch
[0.090s] -- Up-to-date: /home/mahek/path/install/path/share/path/launch/map_launch.py
[0.090s] -- Up-to-date: /home/mahek/path/install/path/share/ament_index/resource_index/package_run_dependencies/path
[0.090s] -- Up-to-date: /home/mahek/path/install/path/share/ament_index/resource_index/parent_prefix_path/path
[0.090s] -- Up-to-date: /home/mahek/path/install/path/share/path/environment/ament_prefix_path.sh
[0.091s] -- Up-to-date: /home/mahek/path/install/path/share/path/environment/ament_prefix_path.dsv
[0.091s] -- Up-to-date: /home/mahek/path/install/path/share/path/environment/path.sh
[0.091s] -- Up-to-date: /home/mahek/path/install/path/share/path/environment/path.dsv
[0.091s] -- Up-to-date: /home/mahek/path/install/path/share/path/local_setup.bash
[0.091s] -- Up-to-date: /home/mahek/path/install/path/share/path/local_setup.sh
[0.091s] -- Up-to-date: /home/mahek/path/install/path/share/path/local_setup.zsh
[0.091s] -- Up-to-date: /home/mahek/path/install/path/share/path/local_setup.dsv
[0.091s] -- Up-to-date: /home/mahek/path/install/path/share/path/package.dsv
[0.091s] -- Up-to-date: /home/mahek/path/install/path/share/ament_index/resource_index/packages/path
[0.091s] -- Up-to-date: /home/mahek/path/install/path/share/path/cmake/pathConfig.cmake
[0.091s] -- Up-to-date: /home/mahek/path/install/path/share/path/cmake/pathConfig-version.cmake
[0.091s] -- Up-to-date: /home/mahek/path/install/path/share/path/package.xml
[0.093s] Invoked command in '/home/mahek/path/build/path' returned '0': CMAKE_PREFIX_PATH=${CMAKE_PREFIX_PATH}:/home/mahek/ros2_ws/install/my_robot_controller:/opt/ros/humble /usr/bin/cmake --install /home/mahek/path/build/path
