-- Found ament_cmake: 1.3.10 (/opt/ros/humble/share/ament_cmake/cmake)
-- Found rclcpp: 16.0.11 (/opt/ros/humble/share/rclcpp/cmake)
-- Found rosidl_generator_c: 3.1.5 (/opt/ros/humble/share/rosidl_generator_c/cmake)
-- Found rosidl_adapter: 3.1.5 (/opt/ros/humble/share/rosidl_adapter/cmake)
-- Found rosidl_generator_cpp: 3.1.5 (/opt/ros/humble/share/rosidl_generator_cpp/cmake)
-- Using all available rosidl_typesupport_c: rosidl_typesupport_fastrtps_c;rosidl_typesupport_introspection_c
-- Using all available rosidl_typesupport_cpp: rosidl_typesupport_fastrtps_cpp;rosidl_typesupport_introspection_cpp
-- Found rmw_implementation_cmake: 6.1.2 (/opt/ros/humble/share/rmw_implementation_cmake/cmake)
-- Found rmw_fastrtps_cpp: 6.2.7 (/opt/ros/humble/share/rmw_fastrtps_cpp/cmake)
-- Found OpenSSL: /usr/lib/x86_64-linux-gnu/libcrypto.so (found version "3.0.2")  
-- Found FastRTPS: /opt/ros/humble/include  
-- Using RMW implementation 'rmw_fastrtps_cpp' as default
-- Looking for pthread.h
-- Looking for pthread.h - found
-- Performing Test CMAKE_HAVE_LIBC_PTHREAD
-- Performing Test CMAKE_HAVE_LIBC_PTHREAD - Success
-- Found Threads: TRUE  
-- Found nav_msgs: 4.2.4 (/opt/ros/humble/share/nav_msgs/cmake)
-- Found ament_lint_auto: 0.12.11 (/opt/ros/humble/share/ament_lint_auto/cmake)
-- Added test 'cppcheck' to perform static code analysis on C / C++ code
-- Configured cppcheck include dirs: 
-- Configured cppcheck exclude dirs and/or files: 
-- Added test 'flake8' to check Python code syntax and style conventions
-- Added test 'lint_cmake' to check CMake code style
-- Added test 'pep257' to check Python code against some of the docstring style conventions in PEP 257
-- Added test 'uncrustify' to check C / C++ code style
-- Configured uncrustify additional arguments: 
-- Added test 'xmllint' to check XML markup files
-- Configuring done
-- Generating done
-- Build files have been written to: /home/mahek/path/build/path
[ 50%] [32mBuilding CXX object CMakeFiles/a_star_planner.dir/src/a_star_planner.cpp.o[0m
[100%] [32m[1mLinking CXX executable a_star_planner[0m
[100%] Built target a_star_planner
-- Install configuration: ""
-- Installing: /home/mahek/path/install/path/lib/path/a_star_planner
-- Set runtime path of "/home/mahek/path/install/path/lib/path/a_star_planner" to ""
-- Up-to-date: /home/mahek/path/install/path/share/path/maps
-- Up-to-date: /home/mahek/path/install/path/share/path/maps/map_test.pgm
-- Up-to-date: /home/mahek/path/install/path/share/path/maps/map_basic.png
-- Up-to-date: /home/mahek/path/install/path/share/path/maps/map_param.yaml
-- Up-to-date: /home/mahek/path/install/path/share/path/maps/map_test.png
-- Up-to-date: /home/mahek/path/install/path/share/path/maps/map.yaml
-- Up-to-date: /home/mahek/path/install/path/share/path/maps/map_maze.png
-- Up-to-date: /home/mahek/path/install/path/share/path/launch
-- Up-to-date: /home/mahek/path/install/path/share/path/launch/map_launch.py
-- Installing: /home/mahek/path/install/path/share/ament_index/resource_index/package_run_dependencies/path
-- Up-to-date: /home/mahek/path/install/path/share/ament_index/resource_index/parent_prefix_path/path
-- Up-to-date: /home/mahek/path/install/path/share/path/environment/ament_prefix_path.sh
-- Installing: /home/mahek/path/install/path/share/path/environment/ament_prefix_path.dsv
-- Up-to-date: /home/mahek/path/install/path/share/path/environment/path.sh
-- Installing: /home/mahek/path/install/path/share/path/environment/path.dsv
-- Up-to-date: /home/mahek/path/install/path/share/path/local_setup.bash
-- Up-to-date: /home/mahek/path/install/path/share/path/local_setup.sh
-- Up-to-date: /home/mahek/path/install/path/share/path/local_setup.zsh
-- Installing: /home/mahek/path/install/path/share/path/local_setup.dsv
-- Installing: /home/mahek/path/install/path/share/path/package.dsv
-- Up-to-date: /home/mahek/path/install/path/share/ament_index/resource_index/packages/path
-- Up-to-date: /home/mahek/path/install/path/share/path/cmake/pathConfig.cmake
-- Up-to-date: /home/mahek/path/install/path/share/path/cmake/pathConfig-version.cmake
-- Installing: /home/mahek/path/install/path/share/path/package.xml
