[0.008s] Invoking command in '/home/mahek/path/build/path': CMAKE_PREFIX_PATH=${CMAKE_PREFIX_PATH}:/home/mahek/ros2_ws/install/my_robot_controller:/opt/ros/humble /usr/bin/cmake --build /home/mahek/path/build/path -- -j12 -l12
[0.086s] -- Found ament_cmake: 1.3.10 (/opt/ros/humble/share/ament_cmake/cmake)
[0.209s] -- Found rclcpp: 16.0.11 (/opt/ros/humble/share/rclcpp/cmake)
[0.250s] -- Found rosidl_generator_c: 3.1.5 (/opt/ros/humble/share/rosidl_generator_c/cmake)
[0.254s] -- Found rosidl_adapter: 3.1.5 (/opt/ros/humble/share/rosidl_adapter/cmake)
[0.261s] -- Found rosidl_generator_cpp: 3.1.5 (/opt/ros/humble/share/rosidl_generator_cpp/cmake)
[0.271s] -- Using all available rosidl_typesupport_c: rosidl_typesupport_fastrtps_c;rosidl_typesupport_introspection_c
[0.284s] -- Using all available rosidl_typesupport_cpp: rosidl_typesupport_fastrtps_cpp;rosidl_typesupport_introspection_cpp
[0.321s] -- Found rmw_implementation_cmake: 6.1.2 (/opt/ros/humble/share/rmw_implementation_cmake/cmake)
[0.324s] -- Found rmw_fastrtps_cpp: 6.2.7 (/opt/ros/humble/share/rmw_fastrtps_cpp/cmake)
[0.414s] -- Found OpenSSL: /usr/lib/x86_64-linux-gnu/libcrypto.so (found version "3.0.2")  
[0.444s] -- Found FastRTPS: /opt/ros/humble/include  
[0.488s] -- Using RMW implementation 'rmw_fastrtps_cpp' as default
[0.497s] -- Looking for pthread.h
[0.641s] -- Looking for pthread.h - found
[0.641s] -- Performing Test CMAKE_HAVE_LIBC_PTHREAD
[0.737s] -- Performing Test CMAKE_HAVE_LIBC_PTHREAD - Success
[0.737s] -- Found Threads: TRUE  
[0.783s] -- Found nav_msgs: 4.2.4 (/opt/ros/humble/share/nav_msgs/cmake)
[0.812s] -- Found ament_lint_auto: 0.12.11 (/opt/ros/humble/share/ament_lint_auto/cmake)
[0.870s] -- Added test 'cppcheck' to perform static code analysis on C / C++ code
[0.870s] -- Configured cppcheck include dirs: 
[0.870s] -- Configured cppcheck exclude dirs and/or files: 
[0.871s] -- Added test 'flake8' to check Python code syntax and style conventions
[0.871s] -- Added test 'lint_cmake' to check CMake code style
[0.872s] -- Added test 'pep257' to check Python code against some of the docstring style conventions in PEP 257
[0.873s] -- Added test 'uncrustify' to check C / C++ code style
[0.873s] -- Configured uncrustify additional arguments: 
[0.874s] -- Added test 'xmllint' to check XML markup files
[0.874s] -- Configuring done
[0.881s] -- Generating done
[0.884s] -- Build files have been written to: /home/mahek/path/build/path
[0.911s] [ 50%] [32mBuilding CXX object CMakeFiles/a_star_planner.dir/src/a_star_planner.cpp.o[0m
[10.300s] [100%] [32m[1mLinking CXX executable a_star_planner[0m
[10.818s] [100%] Built target a_star_planner
[10.829s] Invoked command in '/home/mahek/path/build/path' returned '0': CMAKE_PREFIX_PATH=${CMAKE_PREFIX_PATH}:/home/mahek/ros2_ws/install/my_robot_controller:/opt/ros/humble /usr/bin/cmake --build /home/mahek/path/build/path -- -j12 -l12
[10.839s] Invoking command in '/home/mahek/path/build/path': CMAKE_PREFIX_PATH=${CMAKE_PREFIX_PATH}:/home/mahek/ros2_ws/install/my_robot_controller:/opt/ros/humble /usr/bin/cmake --install /home/mahek/path/build/path
[10.845s] -- Install configuration: ""
[10.846s] -- Installing: /home/mahek/path/install/path/lib/path/a_star_planner
[10.851s] -- Set runtime path of "/home/mahek/path/install/path/lib/path/a_star_planner" to ""
[10.852s] -- Up-to-date: /home/mahek/path/install/path/share/path/maps
[10.852s] -- Up-to-date: /home/mahek/path/install/path/share/path/maps/map_test.pgm
[10.852s] -- Up-to-date: /home/mahek/path/install/path/share/path/maps/map_basic.png
[10.852s] -- Up-to-date: /home/mahek/path/install/path/share/path/maps/map_param.yaml
[10.852s] -- Up-to-date: /home/mahek/path/install/path/share/path/maps/map_test.png
[10.852s] -- Up-to-date: /home/mahek/path/install/path/share/path/maps/map.yaml
[10.852s] -- Up-to-date: /home/mahek/path/install/path/share/path/maps/map_maze.png
[10.852s] -- Up-to-date: /home/mahek/path/install/path/share/path/launch
[10.853s] -- Up-to-date: /home/mahek/path/install/path/share/path/launch/map_launch.py
[10.853s] -- Installing: /home/mahek/path/install/path/share/ament_index/resource_index/package_run_dependencies/path
[10.853s] -- Up-to-date: /home/mahek/path/install/path/share/ament_index/resource_index/parent_prefix_path/path
[10.853s] -- Up-to-date: /home/mahek/path/install/path/share/path/environment/ament_prefix_path.sh
[10.853s] -- Installing: /home/mahek/path/install/path/share/path/environment/ament_prefix_path.dsv
[10.853s] -- Up-to-date: /home/mahek/path/install/path/share/path/environment/path.sh
[10.853s] -- Installing: /home/mahek/path/install/path/share/path/environment/path.dsv
[10.853s] -- Up-to-date: /home/mahek/path/install/path/share/path/local_setup.bash
[10.853s] -- Up-to-date: /home/mahek/path/install/path/share/path/local_setup.sh
[10.853s] -- Up-to-date: /home/mahek/path/install/path/share/path/local_setup.zsh
[10.853s] -- Installing: /home/mahek/path/install/path/share/path/local_setup.dsv
[10.854s] -- Installing: /home/mahek/path/install/path/share/path/package.dsv
[10.854s] -- Up-to-date: /home/mahek/path/install/path/share/ament_index/resource_index/packages/path
[10.855s] -- Up-to-date: /home/mahek/path/install/path/share/path/cmake/pathConfig.cmake
[10.856s] -- Up-to-date: /home/mahek/path/install/path/share/path/cmake/pathConfig-version.cmake
[10.856s] -- Installing: /home/mahek/path/install/path/share/path/package.xml
[10.856s] Invoked command in '/home/mahek/path/build/path' returned '0': CMAKE_PREFIX_PATH=${CMAKE_PREFIX_PATH}:/home/mahek/ros2_ws/install/my_robot_controller:/opt/ros/humble /usr/bin/cmake --install /home/mahek/path/build/path
