[35m[1mConsolidate compiler generated dependencies of target a_star_planner[0m
[ 50%] [32mBuilding CXX object CMakeFiles/a_star_planner.dir/src/a_star_planner.cpp.o[0m
[100%] [32m[1mLinking CXX executable a_star_planner[0m
[100%] Built target a_star_planner
-- Install configuration: ""
-- Installing: /home/mahek/path/install/path/lib/path/a_star_planner
-- Set runtime path of "/home/mahek/path/install/path/lib/path/a_star_planner" to ""
-- Up-to-date: /home/mahek/path/install/path/share/path/maps
-- Up-to-date: /home/mahek/path/install/path/share/path/maps/map_test.pgm
-- Up-to-date: /home/mahek/path/install/path/share/path/maps/map_basic.png
-- Up-to-date: /home/mahek/path/install/path/share/path/maps/map_param.yaml
-- Up-to-date: /home/mahek/path/install/path/share/path/maps/map_test.png
-- Up-to-date: /home/mahek/path/install/path/share/path/maps/map.yaml
-- Up-to-date: /home/mahek/path/install/path/share/path/maps/map_maze.png
-- Up-to-date: /home/mahek/path/install/path/share/path/launch
-- Up-to-date: /home/mahek/path/install/path/share/path/launch/map_launch.py
-- Up-to-date: /home/mahek/path/install/path/share/ament_index/resource_index/package_run_dependencies/path
-- Up-to-date: /home/mahek/path/install/path/share/ament_index/resource_index/parent_prefix_path/path
-- Up-to-date: /home/mahek/path/install/path/share/path/environment/ament_prefix_path.sh
-- Up-to-date: /home/mahek/path/install/path/share/path/environment/ament_prefix_path.dsv
-- Up-to-date: /home/mahek/path/install/path/share/path/environment/path.sh
-- Up-to-date: /home/mahek/path/install/path/share/path/environment/path.dsv
-- Up-to-date: /home/mahek/path/install/path/share/path/local_setup.bash
-- Up-to-date: /home/mahek/path/install/path/share/path/local_setup.sh
-- Up-to-date: /home/mahek/path/install/path/share/path/local_setup.zsh
-- Up-to-date: /home/mahek/path/install/path/share/path/local_setup.dsv
-- Installing: /home/mahek/path/install/path/share/path/package.dsv
-- Up-to-date: /home/mahek/path/install/path/share/ament_index/resource_index/packages/path
-- Up-to-date: /home/mahek/path/install/path/share/path/cmake/pathConfig.cmake
-- Up-to-date: /home/mahek/path/install/path/share/path/cmake/pathConfig-version.cmake
-- Up-to-date: /home/mahek/path/install/path/share/path/package.xml
