[0.077s] DEBUG:colcon:Command line arguments: ['/usr/bin/colcon', 'list', '-p', '--base-paths', '/home/mahek/path']
[0.078s] DEBUG:colcon:Parsed command line arguments: Namespace(log_base=None, log_level=None, verb_name='list', build_base='build', ignore_user_meta=False, metas=['./colcon.meta'], base_paths=['/home/mahek/path'], packages_ignore=None, packages_ignore_regex=None, paths=None, packages_up_to=None, packages_up_to_regex=None, packages_above=None, packages_above_and_dependencies=None, packages_above_depth=None, packages_select_by_dep=None, packages_skip_by_dep=None, packages_skip_up_to=None, packages_select_build_failed=False, packages_skip_build_finished=False, packages_select_test_failures=False, packages_skip_test_passed=False, packages_select=None, packages_skip=None, packages_select_regex=None, packages_skip_regex=None, packages_start=None, packages_end=None, allow_overriding=[], topological_order=False, names_only=False, paths_only=True, topological_graph=False, topological_graph_dot=False, topological_graph_density=False, topological_graph_legend=False, topological_graph_dot_cluster=False, topological_graph_dot_include_skipped=False, mixin_files=None, mixin=None, verb_parser=<colcon_mixin.mixin.mixin_argument.MixinArgumentDecorator object at 0x76cc01e2b790>, verb_extension=<colcon_package_information.verb.list.ListVerb object at 0x76cc01e2aa40>, main=<bound method ListVerb.main of <colcon_package_information.verb.list.ListVerb object at 0x76cc01e2aa40>>, mixin_verb=('list',))
[0.214s] Level 1:colcon.colcon_core.package_discovery:discover_packages(colcon_meta) check parameters
[0.214s] Level 1:colcon.colcon_core.package_discovery:discover_packages(recursive) check parameters
[0.214s] Level 1:colcon.colcon_core.package_discovery:discover_packages(ignore) check parameters
[0.214s] Level 1:colcon.colcon_core.package_discovery:discover_packages(path) check parameters
[0.214s] Level 1:colcon.colcon_core.package_discovery:discover_packages(recursive) discover
[0.214s] INFO:colcon.colcon_core.package_discovery:Crawling recursively for packages in '/home/mahek/path'
[0.214s] Level 1:colcon.colcon_core.package_identification:_identify(/home/mahek/path) by extensions ['ignore', 'ignore_ament_install']
[0.214s] Level 1:colcon.colcon_core.package_identification:_identify(/home/mahek/path) by extension 'ignore'
[0.214s] Level 1:colcon.colcon_core.package_identification:_identify(/home/mahek/path) by extension 'ignore_ament_install'
[0.214s] Level 1:colcon.colcon_core.package_identification:_identify(/home/mahek/path) by extensions ['colcon_pkg']
[0.214s] Level 1:colcon.colcon_core.package_identification:_identify(/home/mahek/path) by extension 'colcon_pkg'
[0.214s] Level 1:colcon.colcon_core.package_identification:_identify(/home/mahek/path) by extensions ['colcon_meta']
[0.214s] Level 1:colcon.colcon_core.package_identification:_identify(/home/mahek/path) by extension 'colcon_meta'
[0.214s] Level 1:colcon.colcon_core.package_identification:_identify(/home/mahek/path) by extensions ['ros']
[0.214s] Level 1:colcon.colcon_core.package_identification:_identify(/home/mahek/path) by extension 'ros'
[0.223s] Level 1:colcon.colcon_core.package_identification:_identify(/home/mahek/path) by extensions ['cmake', 'python']
[0.223s] Level 1:colcon.colcon_core.package_identification:_identify(/home/mahek/path) by extension 'cmake'
[0.223s] Level 1:colcon.colcon_core.package_identification:_identify(/home/mahek/path) by extension 'python'
[0.223s] Level 1:colcon.colcon_core.package_identification:_identify(/home/mahek/path) by extensions ['python_setup_py']
[0.224s] Level 1:colcon.colcon_core.package_identification:_identify(/home/mahek/path) by extension 'python_setup_py'
[0.224s] Level 1:colcon.colcon_core.package_identification:_identify(/home/mahek/path/build) by extensions ['ignore', 'ignore_ament_install']
[0.224s] Level 1:colcon.colcon_core.package_identification:_identify(/home/mahek/path/build) by extension 'ignore'
[0.224s] Level 1:colcon.colcon_core.package_identification:_identify(/home/mahek/path/build) ignored
[0.224s] Level 1:colcon.colcon_core.package_identification:_identify(/home/mahek/path/install) by extensions ['ignore', 'ignore_ament_install']
[0.224s] Level 1:colcon.colcon_core.package_identification:_identify(/home/mahek/path/install) by extension 'ignore'
[0.224s] Level 1:colcon.colcon_core.package_identification:_identify(/home/mahek/path/install) ignored
[0.224s] Level 1:colcon.colcon_core.package_identification:_identify(/home/mahek/path/log) by extensions ['ignore', 'ignore_ament_install']
[0.224s] Level 1:colcon.colcon_core.package_identification:_identify(/home/mahek/path/log) by extension 'ignore'
[0.224s] Level 1:colcon.colcon_core.package_identification:_identify(/home/mahek/path/log) ignored
[0.224s] Level 1:colcon.colcon_core.package_identification:_identify(/home/mahek/path/src) by extensions ['ignore', 'ignore_ament_install']
[0.224s] Level 1:colcon.colcon_core.package_identification:_identify(/home/mahek/path/src) by extension 'ignore'
[0.225s] Level 1:colcon.colcon_core.package_identification:_identify(/home/mahek/path/src) by extension 'ignore_ament_install'
[0.225s] Level 1:colcon.colcon_core.package_identification:_identify(/home/mahek/path/src) by extensions ['colcon_pkg']
[0.225s] Level 1:colcon.colcon_core.package_identification:_identify(/home/mahek/path/src) by extension 'colcon_pkg'
[0.225s] Level 1:colcon.colcon_core.package_identification:_identify(/home/mahek/path/src) by extensions ['colcon_meta']
[0.225s] Level 1:colcon.colcon_core.package_identification:_identify(/home/mahek/path/src) by extension 'colcon_meta'
[0.225s] Level 1:colcon.colcon_core.package_identification:_identify(/home/mahek/path/src) by extensions ['ros']
[0.225s] Level 1:colcon.colcon_core.package_identification:_identify(/home/mahek/path/src) by extension 'ros'
[0.225s] Level 1:colcon.colcon_core.package_identification:_identify(/home/mahek/path/src) by extensions ['cmake', 'python']
[0.225s] Level 1:colcon.colcon_core.package_identification:_identify(/home/mahek/path/src) by extension 'cmake'
[0.225s] Level 1:colcon.colcon_core.package_identification:_identify(/home/mahek/path/src) by extension 'python'
[0.225s] Level 1:colcon.colcon_core.package_identification:_identify(/home/mahek/path/src) by extensions ['python_setup_py']
[0.225s] Level 1:colcon.colcon_core.package_identification:_identify(/home/mahek/path/src) by extension 'python_setup_py'
[0.225s] Level 1:colcon.colcon_core.package_identification:_identify(/home/mahek/path/src/path) by extensions ['ignore', 'ignore_ament_install']
[0.225s] Level 1:colcon.colcon_core.package_identification:_identify(/home/mahek/path/src/path) by extension 'ignore'
[0.225s] Level 1:colcon.colcon_core.package_identification:_identify(/home/mahek/path/src/path) by extension 'ignore_ament_install'
[0.225s] Level 1:colcon.colcon_core.package_identification:_identify(/home/mahek/path/src/path) by extensions ['colcon_pkg']
[0.225s] Level 1:colcon.colcon_core.package_identification:_identify(/home/mahek/path/src/path) by extension 'colcon_pkg'
[0.225s] Level 1:colcon.colcon_core.package_identification:_identify(/home/mahek/path/src/path) by extensions ['colcon_meta']
[0.225s] Level 1:colcon.colcon_core.package_identification:_identify(/home/mahek/path/src/path) by extension 'colcon_meta'
[0.225s] Level 1:colcon.colcon_core.package_identification:_identify(/home/mahek/path/src/path) by extensions ['ros']
[0.225s] Level 1:colcon.colcon_core.package_identification:_identify(/home/mahek/path/src/path) by extension 'ros'
[0.228s] DEBUG:colcon.colcon_core.package_identification:Package '/home/mahek/path/src/path' with type 'ros.ament_cmake' and name 'path'
[0.228s] Level 1:colcon.colcon_core.package_discovery:discover_packages(recursive) using defaults
