[0.010s] Invoking command in '/home/mahek/path/build/path': CMAKE_PREFIX_PATH=${CMAKE_PREFIX_PATH}:/home/mahek/ros2_ws/install/my_robot_controller:/opt/ros/humble /usr/bin/cmake /home/mahek/path/src/path -DCMAKE_INSTALL_PREFIX=/home/mahek/path/install/path
[0.191s] -- The C compiler identification is GNU 11.4.0
[0.302s] -- The CXX compiler identification is GNU 11.4.0
[0.311s] -- Detecting C compiler ABI info
[0.394s] -- Detecting C compiler ABI info - done
[0.400s] -- Check for working C compiler: /usr/bin/cc - skipped
[0.401s] -- Detecting C compile features
[0.401s] -- Detecting C compile features - done
[0.404s] -- Detecting CXX compiler ABI info
[0.494s] -- Detecting CXX compiler ABI info - done
[0.498s] -- Check for working CXX compiler: /usr/bin/c++ - skipped
[0.499s] -- Detecting CXX compile features
[0.499s] -- Detecting CXX compile features - done
[0.504s] -- Found ament_cmake: 1.3.10 (/opt/ros/humble/share/ament_cmake/cmake)
[0.639s] -- Found Python3: /usr/bin/python3 (found version "3.10.12") found components: Interpreter 
[0.718s] -- Found ament_lint_auto: 0.12.11 (/opt/ros/humble/share/ament_lint_auto/cmake)
[0.783s] -- Added test 'flake8' to check Python code syntax and style conventions
[0.784s] -- Added test 'lint_cmake' to check CMake code style
[0.784s] -- Added test 'pep257' to check Python code against some of the docstring style conventions in PEP 257
[0.786s] -- Added test 'xmllint' to check XML markup files
[0.787s] -- Configuring done
[0.788s] -- Generating done
[0.789s] -- Build files have been written to: /home/mahek/path/build/path
[0.793s] Invoked command in '/home/mahek/path/build/path' returned '0': CMAKE_PREFIX_PATH=${CMAKE_PREFIX_PATH}:/home/mahek/ros2_ws/install/my_robot_controller:/opt/ros/humble /usr/bin/cmake /home/mahek/path/src/path -DCMAKE_INSTALL_PREFIX=/home/mahek/path/install/path
[0.793s] Invoking command in '/home/mahek/path/build/path': CMAKE_PREFIX_PATH=${CMAKE_PREFIX_PATH}:/home/mahek/ros2_ws/install/my_robot_controller:/opt/ros/humble /usr/bin/cmake --build /home/mahek/path/build/path -- -j12 -l12
[0.826s] Invoked command in '/home/mahek/path/build/path' returned '0': CMAKE_PREFIX_PATH=${CMAKE_PREFIX_PATH}:/home/mahek/ros2_ws/install/my_robot_controller:/opt/ros/humble /usr/bin/cmake --build /home/mahek/path/build/path -- -j12 -l12
[0.838s] Invoking command in '/home/mahek/path/build/path': CMAKE_PREFIX_PATH=${CMAKE_PREFIX_PATH}:/home/mahek/ros2_ws/install/my_robot_controller:/opt/ros/humble /usr/bin/cmake --install /home/mahek/path/build/path
[0.846s] -- Install configuration: ""
[0.846s] -- Installing: /home/mahek/path/install/path/share/path/maps
[0.846s] -- Installing: /home/mahek/path/install/path/share/path/maps/map_test.pgm
[0.846s] -- Installing: /home/mahek/path/install/path/share/path/maps/map_basic.png
[0.846s] -- Installing: /home/mahek/path/install/path/share/path/maps/map_param.yaml
[0.847s] -- Installing: /home/mahek/path/install/path/share/path/maps/map_test.png
[0.847s] -- Installing: /home/mahek/path/install/path/share/path/maps/map.yaml
[0.847s] -- Installing: /home/mahek/path/install/path/share/path/maps/map_maze.png
[0.847s] -- Installing: /home/mahek/path/install/path/share/path/launch
[0.847s] -- Installing: /home/mahek/path/install/path/share/path/launch/map_launch.py
[0.847s] -- Installing: /home/mahek/path/install/path/share/ament_index/resource_index/package_run_dependencies/path
[0.847s] -- Installing: /home/mahek/path/install/path/share/ament_index/resource_index/parent_prefix_path/path
[0.848s] -- Installing: /home/mahek/path/install/path/share/path/environment/ament_prefix_path.sh
[0.848s] -- Installing: /home/mahek/path/install/path/share/path/environment/ament_prefix_path.dsv
[0.848s] -- Installing: /home/mahek/path/install/path/share/path/environment/path.sh
[0.848s] -- Installing: /home/mahek/path/install/path/share/path/environment/path.dsv
[0.848s] -- Installing: /home/mahek/path/install/path/share/path/local_setup.bash
[0.848s] -- Installing: /home/mahek/path/install/path/share/path/local_setup.sh
[0.848s] -- Installing: /home/mahek/path/install/path/share/path/local_setup.zsh
[0.848s] -- Installing: /home/mahek/path/install/path/share/path/local_setup.dsv
[0.849s] -- Installing: /home/mahek/path/install/path/share/path/package.dsv
[0.849s] -- Installing: /home/mahek/path/install/path/share/ament_index/resource_index/packages/path
[0.849s] -- Installing: /home/mahek/path/install/path/share/path/cmake/pathConfig.cmake
[0.849s] -- Installing: /home/mahek/path/install/path/share/path/cmake/pathConfig-version.cmake
[0.849s] -- Installing: /home/mahek/path/install/path/share/path/package.xml
[0.851s] Invoked command in '/home/mahek/path/build/path' returned '0': CMAKE_PREFIX_PATH=${CMAKE_PREFIX_PATH}:/home/mahek/ros2_ws/install/my_robot_controller:/opt/ros/humble /usr/bin/cmake --install /home/mahek/path/build/path
